
**** Build of configuration Debug for project DTMF ****

"C:\\ti\\ccs1000\\ccs\\utils\\bin\\gmake" -k -j 8 all -O 
 
Building file: "../main.c"
Invoking: ARM Compiler
"C:/ti/ccs1000/ccs/tools/compiler/ti-cgt-arm_20.2.0.LTS/bin/armcl" -mv7M4 --code_state=16 --float_support=none -me -Ooff --include_path="C:/Users/bradl/OneDrive/Documents/2023 Spring Quarter/EEC 172/Lab4/DTMF/DTMF" --include_path="C:/ti/CC3200SDK_1.5.0/cc3200-sdk/" --include_path="C:/ti/CC3200SDK_1.5.0/cc3200-sdk/driverlib/" --include_path="C:/ti/CC3200SDK_1.5.0/cc3200-sdk/inc/" --include_path="C:/ti/CC3200SDK_1.5.0/cc3200-sdk/example/common/" --include_path="C:/ti/ccs1000/ccs/tools/compiler/ti-cgt-arm_20.2.0.LTS/include" --define=ccs --define=cc3200 --define=NON_NETWORK -g --diag_warning=225 --diag_wrap=off --display_error_number --abi=eabi --preproc_with_compile --preproc_dependency="main.d_raw"  "../main.c"
 
>> Compilation failure
subdir_rules.mk:9: recipe for target 'main.obj' failed
"../main.c", line 2: fatal error #1965: cannot open source file "kamavr.h"
1 catastrophic error detected in the compilation of "../main.c".
Compilation terminated.
gmake: *** [main.obj] Error 1
Building file: "../Adafruit_GFX.c"
Invoking: ARM Compiler
"C:/ti/ccs1000/ccs/tools/compiler/ti-cgt-arm_20.2.0.LTS/bin/armcl" -mv7M4 --code_state=16 --float_support=none -me -Ooff --include_path="C:/Users/bradl/OneDrive/Documents/2023 Spring Quarter/EEC 172/Lab4/DTMF/DTMF" --include_path="C:/ti/CC3200SDK_1.5.0/cc3200-sdk/" --include_path="C:/ti/CC3200SDK_1.5.0/cc3200-sdk/driverlib/" --include_path="C:/ti/CC3200SDK_1.5.0/cc3200-sdk/inc/" --include_path="C:/ti/CC3200SDK_1.5.0/cc3200-sdk/example/common/" --include_path="C:/ti/ccs1000/ccs/tools/compiler/ti-cgt-arm_20.2.0.LTS/include" --define=ccs --define=cc3200 --define=NON_NETWORK -g --diag_warning=225 --diag_wrap=off --display_error_number --abi=eabi --preproc_with_compile --preproc_dependency="Adafruit_GFX.d_raw"  "../Adafruit_GFX.c"
Finished building: "../Adafruit_GFX.c"
 
Building file: "../Adafruit_OLED.c"
Invoking: ARM Compiler
"C:/ti/ccs1000/ccs/tools/compiler/ti-cgt-arm_20.2.0.LTS/bin/armcl" -mv7M4 --code_state=16 --float_support=none -me -Ooff --include_path="C:/Users/bradl/OneDrive/Documents/2023 Spring Quarter/EEC 172/Lab4/DTMF/DTMF" --include_path="C:/ti/CC3200SDK_1.5.0/cc3200-sdk/" --include_path="C:/ti/CC3200SDK_1.5.0/cc3200-sdk/driverlib/" --include_path="C:/ti/CC3200SDK_1.5.0/cc3200-sdk/inc/" --include_path="C:/ti/CC3200SDK_1.5.0/cc3200-sdk/example/common/" --include_path="C:/ti/ccs1000/ccs/tools/compiler/ti-cgt-arm_20.2.0.LTS/include" --define=ccs --define=cc3200 --define=NON_NETWORK -g --diag_warning=225 --diag_wrap=off --display_error_number --abi=eabi --preproc_with_compile --preproc_dependency="Adafruit_OLED.d_raw"  "../Adafruit_OLED.c"
Finished building: "../Adafruit_OLED.c"
 
Building file: "C:/ti/CC3200SDK_1.5.0/cc3200-sdk/example/common/gpio_if.c"
Invoking: ARM Compiler
"C:/ti/ccs1000/ccs/tools/compiler/ti-cgt-arm_20.2.0.LTS/bin/armcl" -mv7M4 --code_state=16 --float_support=none -me -Ooff --include_path="C:/Users/bradl/OneDrive/Documents/2023 Spring Quarter/EEC 172/Lab4/DTMF/DTMF" --include_path="C:/ti/CC3200SDK_1.5.0/cc3200-sdk/" --include_path="C:/ti/CC3200SDK_1.5.0/cc3200-sdk/driverlib/" --include_path="C:/ti/CC3200SDK_1.5.0/cc3200-sdk/inc/" --include_path="C:/ti/CC3200SDK_1.5.0/cc3200-sdk/example/common/" --include_path="C:/ti/ccs1000/ccs/tools/compiler/ti-cgt-arm_20.2.0.LTS/include" --define=ccs --define=cc3200 --define=NON_NETWORK -g --diag_warning=225 --diag_wrap=off --display_error_number --abi=eabi --preproc_with_compile --preproc_dependency="gpio_if.d_raw"  "C:/ti/CC3200SDK_1.5.0/cc3200-sdk/example/common/gpio_if.c"
Finished building: "C:/ti/CC3200SDK_1.5.0/cc3200-sdk/example/common/gpio_if.c"
 
Building file: "../pin_mux_config.c"
Invoking: ARM Compiler
"C:/ti/ccs1000/ccs/tools/compiler/ti-cgt-arm_20.2.0.LTS/bin/armcl" -mv7M4 --code_state=16 --float_support=none -me -Ooff --include_path="C:/Users/bradl/OneDrive/Documents/2023 Spring Quarter/EEC 172/Lab4/DTMF/DTMF" --include_path="C:/ti/CC3200SDK_1.5.0/cc3200-sdk/" --include_path="C:/ti/CC3200SDK_1.5.0/cc3200-sdk/driverlib/" --include_path="C:/ti/CC3200SDK_1.5.0/cc3200-sdk/inc/" --include_path="C:/ti/CC3200SDK_1.5.0/cc3200-sdk/example/common/" --include_path="C:/ti/ccs1000/ccs/tools/compiler/ti-cgt-arm_20.2.0.LTS/include" --define=ccs --define=cc3200 --define=NON_NETWORK -g --diag_warning=225 --diag_wrap=off --display_error_number --abi=eabi --preproc_with_compile --preproc_dependency="pin_mux_config.d_raw"  "../pin_mux_config.c"
Finished building: "../pin_mux_config.c"
 
Building file: "C:/ti/CC3200SDK_1.5.0/cc3200-sdk/example/common/startup_ccs.c"
Invoking: ARM Compiler
"C:/ti/ccs1000/ccs/tools/compiler/ti-cgt-arm_20.2.0.LTS/bin/armcl" -mv7M4 --code_state=16 --float_support=none -me -Ooff --include_path="C:/Users/bradl/OneDrive/Documents/2023 Spring Quarter/EEC 172/Lab4/DTMF/DTMF" --include_path="C:/ti/CC3200SDK_1.5.0/cc3200-sdk/" --include_path="C:/ti/CC3200SDK_1.5.0/cc3200-sdk/driverlib/" --include_path="C:/ti/CC3200SDK_1.5.0/cc3200-sdk/inc/" --include_path="C:/ti/CC3200SDK_1.5.0/cc3200-sdk/example/common/" --include_path="C:/ti/ccs1000/ccs/tools/compiler/ti-cgt-arm_20.2.0.LTS/include" --define=ccs --define=cc3200 --define=NON_NETWORK -g --diag_warning=225 --diag_wrap=off --display_error_number --abi=eabi --preproc_with_compile --preproc_dependency="startup_ccs.d_raw"  "C:/ti/CC3200SDK_1.5.0/cc3200-sdk/example/common/startup_ccs.c"
Finished building: "C:/ti/CC3200SDK_1.5.0/cc3200-sdk/example/common/startup_ccs.c"
 
Building file: "../test.c"
Invoking: ARM Compiler
"C:/ti/ccs1000/ccs/tools/compiler/ti-cgt-arm_20.2.0.LTS/bin/armcl" -mv7M4 --code_state=16 --float_support=none -me -Ooff --include_path="C:/Users/bradl/OneDrive/Documents/2023 Spring Quarter/EEC 172/Lab4/DTMF/DTMF" --include_path="C:/ti/CC3200SDK_1.5.0/cc3200-sdk/" --include_path="C:/ti/CC3200SDK_1.5.0/cc3200-sdk/driverlib/" --include_path="C:/ti/CC3200SDK_1.5.0/cc3200-sdk/inc/" --include_path="C:/ti/CC3200SDK_1.5.0/cc3200-sdk/example/common/" --include_path="C:/ti/ccs1000/ccs/tools/compiler/ti-cgt-arm_20.2.0.LTS/include" --define=ccs --define=cc3200 --define=NON_NETWORK -g --diag_warning=225 --diag_wrap=off --display_error_number --abi=eabi --preproc_with_compile --preproc_dependency="test.d_raw"  "../test.c"
Finished building: "../test.c"
 
gmake: Target 'all' not remade because of errors.

**** Build Finished ****

**** Build of configuration Debug for project DTMF ****

"C:\\ti\\ccs1000\\ccs\\utils\\bin\\gmake" -k -j 8 all -O 
 
Building file: "../main.c"
Invoking: ARM Compiler
"C:/ti/ccs1000/ccs/tools/compiler/ti-cgt-arm_20.2.0.LTS/bin/armcl" -mv7M4 --code_state=16 --float_support=none -me -Ooff --include_path="C:/Users/bradl/OneDrive/Documents/2023 Spring Quarter/EEC 172/Lab4/DTMF/DTMF" --include_path="C:/ti/CC3200SDK_1.5.0/cc3200-sdk/" --include_path="C:/ti/CC3200SDK_1.5.0/cc3200-sdk/driverlib/" --include_path="C:/ti/CC3200SDK_1.5.0/cc3200-sdk/inc/" --include_path="C:/ti/CC3200SDK_1.5.0/cc3200-sdk/example/common/" --include_path="C:/ti/ccs1000/ccs/tools/compiler/ti-cgt-arm_20.2.0.LTS/include" --define=ccs --define=cc3200 --define=NON_NETWORK -g --diag_warning=225 --diag_wrap=off --display_error_number --abi=eabi --preproc_with_compile --preproc_dependency="main.d_raw"  "../main.c"
 
>> Compilation failure
subdir_rules.mk:9: recipe for target 'main.obj' failed
"../main.c", line 181: error #20: identifier "ADC" is undefined
"../main.c", line 230: warning #179-D: variable "row_col" was declared but never referenced
"../main.c", line 292: error #20: identifier "SysTickHandler" is undefined
"../main.c", line 339: warning #225-D: function "SPIReset" declared implicitly
"../main.c", line 344: warning #225-D: function "SPIConfigSetExpClk" declared implicitly
"../main.c", line 345: error #20: identifier "SPI_MODE_MASTER" is undefined
"../main.c", line 345: error #20: identifier "SPI_SUB_MODE_0" is undefined
"../main.c", line 346: error #20: identifier "SPI_SW_CTRL_CS" is undefined
"../main.c", line 347: error #20: identifier "SPI_4PIN_MODE" is undefined
"../main.c", line 348: error #20: identifier "SPI_TURBO_OFF" is undefined
"../main.c", line 349: error #20: identifier "SPI_CS_ACTIVELOW" is undefined
"../main.c", line 350: error #20: identifier "SPI_WL_8" is undefined
"../main.c", line 355: warning #225-D: function "SPIEnable" declared implicitly
"../main.c", line 362: warning #225-D: function "SysTickReset" declared implicitly
"../main.c", line 364: warning #225-D: function "Timer_IF_init" declared implicitly
"../main.c", line 364: error #20: identifier "TIMER_CFG_PERIODIC" is undefined
"../main.c", line 364: error #20: identifier "TIMERA" is undefined
"../main.c", line 368: error #20: identifier "ADCSRA" is undefined
"../main.c", line 373: error #20: identifier "ADFR" is undefined
"../main.c", line 374: error #20: identifier "ADSC" is undefined
"../main.c", line 375: error #20: identifier "ADMUX" is undefined
"../main.c", line 392: warning #169-D: argument of type "volatile int *" is incompatible with parameter of type "int *"
15 errors detected in the compilation of "../main.c".
gmake: *** [main.obj] Error 1
gmake: Target 'all' not remade because of errors.

**** Build Finished ****

**** Build of configuration Debug for project DTMF ****

"C:\\ti\\ccs1000\\ccs\\utils\\bin\\gmake" -k -j 8 all -O 
 
Building file: "../main.c"
Invoking: ARM Compiler
"C:/ti/ccs1000/ccs/tools/compiler/ti-cgt-arm_20.2.0.LTS/bin/armcl" -mv7M4 --code_state=16 --float_support=none -me -Ooff --include_path="C:/Users/bradl/OneDrive/Documents/2023 Spring Quarter/EEC 172/Lab4/DTMF/DTMF" --include_path="C:/ti/CC3200SDK_1.5.0/cc3200-sdk/" --include_path="C:/ti/CC3200SDK_1.5.0/cc3200-sdk/driverlib/" --include_path="C:/ti/CC3200SDK_1.5.0/cc3200-sdk/inc/" --include_path="C:/ti/CC3200SDK_1.5.0/cc3200-sdk/example/common/" --include_path="C:/ti/ccs1000/ccs/tools/compiler/ti-cgt-arm_20.2.0.LTS/include" --define=ccs --define=cc3200 --define=NON_NETWORK -g --diag_warning=225 --diag_wrap=off --display_error_number --abi=eabi --preproc_with_compile --preproc_dependency="main.d_raw"  "../main.c"
 
>> Compilation failure
subdir_rules.mk:9: recipe for target 'main.obj' failed
"../main.c", line 182: error #20: identifier "ADC" is undefined
"../main.c", line 231: warning #179-D: variable "row_col" was declared but never referenced
"../main.c", line 293: error #20: identifier "SysTickHandler" is undefined
"../main.c", line 363: warning #225-D: function "SysTickReset" declared implicitly
"../main.c", line 365: warning #225-D: function "Timer_IF_init" declared implicitly
"../main.c", line 365: error #20: identifier "TIMER_CFG_PERIODIC" is undefined
"../main.c", line 365: error #20: identifier "TIMERA" is undefined
"../main.c", line 369: error #20: identifier "ADCSRA" is undefined
"../main.c", line 374: error #20: identifier "ADFR" is undefined
"../main.c", line 375: error #20: identifier "ADSC" is undefined
"../main.c", line 376: error #20: identifier "ADMUX" is undefined
"../main.c", line 393: warning #169-D: argument of type "volatile int *" is incompatible with parameter of type "int *"
8 errors detected in the compilation of "../main.c".
gmake: *** [main.obj] Error 1
gmake: Target 'all' not remade because of errors.

**** Build Finished ****

**** Build of configuration Debug for project DTMF ****

"C:\\ti\\ccs1000\\ccs\\utils\\bin\\gmake" -k -j 8 all -O 
 
Building file: "../main.c"
Invoking: ARM Compiler
"C:/ti/ccs1000/ccs/tools/compiler/ti-cgt-arm_20.2.0.LTS/bin/armcl" -mv7M4 --code_state=16 --float_support=none -me -Ooff --include_path="C:/Users/bradl/OneDrive/Documents/2023 Spring Quarter/EEC 172/Lab4/DTMF/DTMF" --include_path="C:/ti/CC3200SDK_1.5.0/cc3200-sdk/" --include_path="C:/ti/CC3200SDK_1.5.0/cc3200-sdk/driverlib/" --include_path="C:/ti/CC3200SDK_1.5.0/cc3200-sdk/inc/" --include_path="C:/ti/CC3200SDK_1.5.0/cc3200-sdk/example/common/" --include_path="C:/ti/ccs1000/ccs/tools/compiler/ti-cgt-arm_20.2.0.LTS/include" --define=ccs --define=cc3200 --define=NON_NETWORK -g --diag_warning=225 --diag_wrap=off --display_error_number --abi=eabi --preproc_with_compile --preproc_dependency="main.d_raw"  "../main.c"
 
>> Compilation failure
subdir_rules.mk:9: recipe for target 'main.obj' failed
"../main.c", line 176: warning #179-D: variable "row_col" was declared but never referenced
"../main.c", line 239: warning #169-D: argument of type "char *" is incompatible with parameter of type "unsigned char *"
"../main.c", line 248: error #527: a dependent statement may not be a declaration
"../main.c", line 248: error #20: identifier "disable" is undefined
"../main.c", line 249: error #66: expected a ";"
"../main.c", line 234: warning #179-D: variable "ulStatus" was declared but never referenced
"../main.c", line 242: warning #179-D: variable "SmallEndian" was declared but never referenced
"../main.c", line 253: error #20: identifier "ADC" is undefined
"../main.c", line 264: error #20: identifier "SysTickHandler" is undefined
"../main.c", line 331: error #20: identifier "enable" is undefined
"../main.c", line 333: error #66: expected a ";"
"../main.c", line 336: warning #12-D: parsing restarts here after previous syntax error
"../main.c", line 338: error #20: identifier "TIMER_A" is undefined
"../main.c", line 358: warning #169-D: argument of type "volatile int *" is incompatible with parameter of type "int *"
"../main.c", line 363: warning #112-D: statement is unreachable
"../main.c", line 363: error #126: expected a "("
"../main.c", line 364: error #29: expected an expression
"../main.c", line 364: error #18: expected a ")"
"../main.c", line 364: error #128: expected a statement
"../main.c", line 258: warning #179-D: function "SysTickInit" was declared but never referenced
12 errors detected in the compilation of "../main.c".
gmake: *** [main.obj] Error 1
Building file: "../timer_if.c"
Invoking: ARM Compiler
"C:/ti/ccs1000/ccs/tools/compiler/ti-cgt-arm_20.2.0.LTS/bin/armcl" -mv7M4 --code_state=16 --float_support=none -me -Ooff --include_path="C:/Users/bradl/OneDrive/Documents/2023 Spring Quarter/EEC 172/Lab4/DTMF/DTMF" --include_path="C:/ti/CC3200SDK_1.5.0/cc3200-sdk/" --include_path="C:/ti/CC3200SDK_1.5.0/cc3200-sdk/driverlib/" --include_path="C:/ti/CC3200SDK_1.5.0/cc3200-sdk/inc/" --include_path="C:/ti/CC3200SDK_1.5.0/cc3200-sdk/example/common/" --include_path="C:/ti/ccs1000/ccs/tools/compiler/ti-cgt-arm_20.2.0.LTS/include" --define=ccs --define=cc3200 --define=NON_NETWORK -g --diag_warning=225 --diag_wrap=off --display_error_number --abi=eabi --preproc_with_compile --preproc_dependency="timer_if.d_raw"  "../timer_if.c"
Finished building: "../timer_if.c"
 
gmake: Target 'all' not remade because of errors.

**** Build Finished ****

**** Build of configuration Debug for project DTMF ****

"C:\\ti\\ccs1000\\ccs\\utils\\bin\\gmake" -k -j 8 all -O 
 
Building file: "../main.c"
Invoking: ARM Compiler
"C:/ti/ccs1000/ccs/tools/compiler/ti-cgt-arm_20.2.0.LTS/bin/armcl" -mv7M4 --code_state=16 --float_support=none -me -Ooff --include_path="C:/Users/bradl/OneDrive/Documents/2023 Spring Quarter/EEC 172/Lab4/DTMF/DTMF" --include_path="C:/ti/CC3200SDK_1.5.0/cc3200-sdk/" --include_path="C:/ti/CC3200SDK_1.5.0/cc3200-sdk/driverlib/" --include_path="C:/ti/CC3200SDK_1.5.0/cc3200-sdk/inc/" --include_path="C:/ti/CC3200SDK_1.5.0/cc3200-sdk/example/common/" --include_path="C:/ti/ccs1000/ccs/tools/compiler/ti-cgt-arm_20.2.0.LTS/include" --define=ccs --define=cc3200 --define=NON_NETWORK -g --diag_warning=225 --diag_wrap=off --display_error_number --abi=eabi --preproc_with_compile --preproc_dependency="main.d_raw"  "../main.c"
 
>> Compilation failure
subdir_rules.mk:9: recipe for target 'main.obj' failed
"../main.c", line 176: warning #179-D: variable "row_col" was declared but never referenced
"../main.c", line 239: warning #169-D: argument of type "char *" is incompatible with parameter of type "unsigned char *"
"../main.c", line 247: error #128: expected a statement
"../main.c", line 234: warning #179-D: variable "ulStatus" was declared but never referenced
"../main.c", line 257: error #20: identifier "SysTickHandler" is undefined
"../main.c", line 324: error #20: identifier "enable" is undefined
"../main.c", line 326: error #66: expected a ";"
"../main.c", line 329: warning #12-D: parsing restarts here after previous syntax error
"../main.c", line 331: error #20: identifier "TIMER_A" is undefined
"../main.c", line 351: warning #169-D: argument of type "volatile int *" is incompatible with parameter of type "int *"
"../main.c", line 356: warning #112-D: statement is unreachable
"../main.c", line 356: error #126: expected a "("
"../main.c", line 357: error #29: expected an expression
"../main.c", line 357: error #18: expected a ")"
"../main.c", line 357: error #128: expected a statement
"../main.c", line 251: warning #179-D: function "SysTickInit" was declared but never referenced
9 errors detected in the compilation of "../main.c".
gmake: *** [main.obj] Error 1
gmake: Target 'all' not remade because of errors.

**** Build Finished ****

**** Build of configuration Debug for project DTMF ****

"C:\\ti\\ccs1000\\ccs\\utils\\bin\\gmake" -k -j 8 all -O 
 
Building file: "../main.c"
Invoking: ARM Compiler
"C:/ti/ccs1000/ccs/tools/compiler/ti-cgt-arm_20.2.0.LTS/bin/armcl" -mv7M4 --code_state=16 --float_support=none -me -Ooff --include_path="C:/Users/bradl/OneDrive/Documents/2023 Spring Quarter/EEC 172/Lab4/DTMF/DTMF" --include_path="C:/ti/CC3200SDK_1.5.0/cc3200-sdk/" --include_path="C:/ti/CC3200SDK_1.5.0/cc3200-sdk/driverlib/" --include_path="C:/ti/CC3200SDK_1.5.0/cc3200-sdk/inc/" --include_path="C:/ti/CC3200SDK_1.5.0/cc3200-sdk/example/common/" --include_path="C:/ti/ccs1000/ccs/tools/compiler/ti-cgt-arm_20.2.0.LTS/include" --define=ccs --define=cc3200 --define=NON_NETWORK -g --diag_warning=225 --diag_wrap=off --display_error_number --abi=eabi --preproc_with_compile --preproc_dependency="main.d_raw"  "../main.c"
 
>> Compilation failure
subdir_rules.mk:9: recipe for target 'main.obj' failed
"../main.c", line 176: warning #179-D: variable "row_col" was declared but never referenced
"../main.c", line 239: warning #169-D: argument of type "char *" is incompatible with parameter of type "unsigned char *"
"../main.c", line 247: error #128: expected a statement
"../main.c", line 234: warning #179-D: variable "ulStatus" was declared but never referenced
"../main.c", line 308: error #20: identifier "enable" is undefined
"../main.c", line 310: error #66: expected a ";"
"../main.c", line 313: warning #12-D: parsing restarts here after previous syntax error
"../main.c", line 315: error #20: identifier "TIMER_A" is undefined
"../main.c", line 335: warning #169-D: argument of type "volatile int *" is incompatible with parameter of type "int *"
"../main.c", line 340: warning #112-D: statement is unreachable
"../main.c", line 340: error #126: expected a "("
"../main.c", line 341: error #29: expected an expression
"../main.c", line 341: error #18: expected a ")"
"../main.c", line 341: error #128: expected a statement
8 errors detected in the compilation of "../main.c".
gmake: *** [main.obj] Error 1
gmake: Target 'all' not remade because of errors.

**** Build Finished ****

**** Build of configuration Debug for project DTMF ****

"C:\\ti\\ccs1000\\ccs\\utils\\bin\\gmake" -k -j 8 all -O 
 
Building file: "../main.c"
Invoking: ARM Compiler
"C:/ti/ccs1000/ccs/tools/compiler/ti-cgt-arm_20.2.0.LTS/bin/armcl" -mv7M4 --code_state=16 --float_support=none -me -Ooff --include_path="C:/Users/bradl/OneDrive/Documents/2023 Spring Quarter/EEC 172/Lab4/DTMF/DTMF" --include_path="C:/ti/CC3200SDK_1.5.0/cc3200-sdk/" --include_path="C:/ti/CC3200SDK_1.5.0/cc3200-sdk/driverlib/" --include_path="C:/ti/CC3200SDK_1.5.0/cc3200-sdk/inc/" --include_path="C:/ti/CC3200SDK_1.5.0/cc3200-sdk/example/common/" --include_path="C:/ti/ccs1000/ccs/tools/compiler/ti-cgt-arm_20.2.0.LTS/include" --define=ccs --define=cc3200 --define=NON_NETWORK -g --diag_warning=225 --diag_wrap=off --display_error_number --abi=eabi --preproc_with_compile --preproc_dependency="main.d_raw"  "../main.c"
 
>> Compilation failure
subdir_rules.mk:9: recipe for target 'main.obj' failed
"../main.c", line 176: warning #179-D: variable "row_col" was declared but never referenced
"../main.c", line 239: warning #169-D: argument of type "char *" is incompatible with parameter of type "unsigned char *"
"../main.c", line 234: warning #179-D: variable "ulStatus" was declared but never referenced
"../main.c", line 310: error #20: identifier "enable" is undefined
"../main.c", line 312: error #66: expected a ";"
"../main.c", line 315: warning #12-D: parsing restarts here after previous syntax error
"../main.c", line 317: error #20: identifier "TIMER_A" is undefined
"../main.c", line 337: warning #169-D: argument of type "volatile int *" is incompatible with parameter of type "int *"
"../main.c", line 342: warning #112-D: statement is unreachable
"../main.c", line 342: error #126: expected a "("
"../main.c", line 343: error #29: expected an expression
"../main.c", line 343: error #18: expected a ")"
"../main.c", line 343: error #128: expected a statement
7 errors detected in the compilation of "../main.c".
gmake: *** [main.obj] Error 1
gmake: Target 'all' not remade because of errors.

**** Build Finished ****

**** Build of configuration Debug for project DTMF ****

"C:\\ti\\ccs1000\\ccs\\utils\\bin\\gmake" -k -j 8 all -O 
 
Building file: "../main.c"
Invoking: ARM Compiler
"C:/ti/ccs1000/ccs/tools/compiler/ti-cgt-arm_20.2.0.LTS/bin/armcl" -mv7M4 --code_state=16 --float_support=none -me -Ooff --include_path="C:/Users/bradl/OneDrive/Documents/2023 Spring Quarter/EEC 172/Lab4/DTMF/DTMF" --include_path="C:/ti/CC3200SDK_1.5.0/cc3200-sdk/" --include_path="C:/ti/CC3200SDK_1.5.0/cc3200-sdk/driverlib/" --include_path="C:/ti/CC3200SDK_1.5.0/cc3200-sdk/inc/" --include_path="C:/ti/CC3200SDK_1.5.0/cc3200-sdk/example/common/" --include_path="C:/ti/ccs1000/ccs/tools/compiler/ti-cgt-arm_20.2.0.LTS/include" --define=ccs --define=cc3200 --define=NON_NETWORK -g --diag_warning=225 --diag_wrap=off --display_error_number --abi=eabi --preproc_with_compile --preproc_dependency="main.d_raw"  "../main.c"
 
>> Compilation failure
subdir_rules.mk:9: recipe for target 'main.obj' failed
"../main.c", line 176: warning #179-D: variable "row_col" was declared but never referenced
"../main.c", line 239: warning #169-D: argument of type "char *" is incompatible with parameter of type "unsigned char *"
"../main.c", line 234: warning #179-D: variable "ulStatus" was declared but never referenced
"../main.c", line 318: warning #225-D: function "Timer_IF_init" declared implicitly
"../main.c", line 318: error #20: identifier "TIMER_CFG_PERIODIC" is undefined
"../main.c", line 318: error #20: identifier "TIMER_A" is undefined
"../main.c", line 340: warning #169-D: argument of type "volatile int *" is incompatible with parameter of type "int *"
"../main.c", line 345: warning #112-D: statement is unreachable
"../main.c", line 345: error #126: expected a "("
"../main.c", line 346: error #29: expected an expression
"../main.c", line 346: error #18: expected a ")"
"../main.c", line 346: error #128: expected a statement
6 errors detected in the compilation of "../main.c".
gmake: *** [main.obj] Error 1
gmake: Target 'all' not remade because of errors.

**** Build Finished ****

**** Build of configuration Debug for project DTMF ****

"C:\\ti\\ccs1000\\ccs\\utils\\bin\\gmake" -k -j 8 all -O 
 
Building file: "../main.c"
Invoking: ARM Compiler
"C:/ti/ccs1000/ccs/tools/compiler/ti-cgt-arm_20.2.0.LTS/bin/armcl" -mv7M4 --code_state=16 --float_support=none -me -Ooff --include_path="C:/Users/bradl/OneDrive/Documents/2023 Spring Quarter/EEC 172/Lab4/DTMF/DTMF" --include_path="C:/ti/CC3200SDK_1.5.0/cc3200-sdk/" --include_path="C:/ti/CC3200SDK_1.5.0/cc3200-sdk/driverlib/" --include_path="C:/ti/CC3200SDK_1.5.0/cc3200-sdk/inc/" --include_path="C:/ti/CC3200SDK_1.5.0/cc3200-sdk/example/common/" --include_path="C:/ti/ccs1000/ccs/tools/compiler/ti-cgt-arm_20.2.0.LTS/include" --define=ccs --define=cc3200 --define=NON_NETWORK -g --diag_warning=225 --diag_wrap=off --display_error_number --abi=eabi --preproc_with_compile --preproc_dependency="main.d_raw"  "../main.c"
 
>> Compilation failure
subdir_rules.mk:9: recipe for target 'main.obj' failed
"../main.c", line 176: warning #179-D: variable "row_col" was declared but never referenced
"../main.c", line 239: warning #169-D: argument of type "char *" is incompatible with parameter of type "unsigned char *"
"../main.c", line 234: warning #179-D: variable "ulStatus" was declared but never referenced
"../main.c", line 318: warning #225-D: function "Timer_IF_init" declared implicitly
"../main.c", line 318: error #20: identifier "TIMER_CFG_PERIODIC" is undefined
"../main.c", line 318: error #20: identifier "TIMER_A" is undefined
"../main.c", line 340: warning #169-D: argument of type "volatile int *" is incompatible with parameter of type "int *"
"../main.c", line 345: warning #112-D: statement is unreachable
"../main.c", line 345: error #126: expected a "("
"../main.c", line 346: error #29: expected an expression
"../main.c", line 346: error #18: expected a ")"
"../main.c", line 346: error #128: expected a statement
6 errors detected in the compilation of "../main.c".
gmake: *** [main.obj] Error 1
gmake: Target 'all' not remade because of errors.

**** Build Finished ****

**** Build of configuration Debug for project DTMF ****

"C:\\ti\\ccs1000\\ccs\\utils\\bin\\gmake" -k -j 8 all -O 
 
Building file: "../main.c"
Invoking: ARM Compiler
"C:/ti/ccs1000/ccs/tools/compiler/ti-cgt-arm_20.2.0.LTS/bin/armcl" -mv7M4 --code_state=16 --float_support=none -me -Ooff --include_path="C:/Users/bradl/OneDrive/Documents/2023 Spring Quarter/EEC 172/Lab4/DTMF/DTMF" --include_path="C:/ti/CC3200SDK_1.5.0/cc3200-sdk/" --include_path="C:/ti/CC3200SDK_1.5.0/cc3200-sdk/driverlib/" --include_path="C:/ti/CC3200SDK_1.5.0/cc3200-sdk/inc/" --include_path="C:/ti/CC3200SDK_1.5.0/cc3200-sdk/example/common/" --include_path="C:/ti/ccs1000/ccs/tools/compiler/ti-cgt-arm_20.2.0.LTS/include" --define=ccs --define=cc3200 --define=NON_NETWORK -g --diag_warning=225 --diag_wrap=off --display_error_number --abi=eabi --preproc_with_compile --preproc_dependency="main.d_raw"  "../main.c"
 
>> Compilation failure
subdir_rules.mk:9: recipe for target 'main.obj' failed
"../main.c", line 176: warning #179-D: variable "row_col" was declared but never referenced
"../main.c", line 239: warning #169-D: argument of type "char *" is incompatible with parameter of type "unsigned char *"
"../main.c", line 234: warning #179-D: variable "ulStatus" was declared but never referenced
"../main.c", line 318: warning #225-D: function "Timer_IF_init" declared implicitly
"../main.c", line 318: error #20: identifier "TIMER_CFG_PERIODIC" is undefined
"../main.c", line 318: error #20: identifier "TIMER_A" is undefined
"../main.c", line 340: warning #169-D: argument of type "volatile int *" is incompatible with parameter of type "int *"
2 errors detected in the compilation of "../main.c".
gmake: *** [main.obj] Error 1
gmake: Target 'all' not remade because of errors.

**** Build Finished ****

**** Build of configuration Debug for project DTMF ****

"C:\\ti\\ccs1000\\ccs\\utils\\bin\\gmake" -k -j 8 all -O 
 
Building file: "../main.c"
Invoking: ARM Compiler
"C:/ti/ccs1000/ccs/tools/compiler/ti-cgt-arm_20.2.0.LTS/bin/armcl" -mv7M4 --code_state=16 --float_support=none -me -Ooff --include_path="C:/Users/bradl/OneDrive/Documents/2023 Spring Quarter/EEC 172/Lab4/DTMF/DTMF" --include_path="C:/ti/CC3200SDK_1.5.0/cc3200-sdk/" --include_path="C:/ti/CC3200SDK_1.5.0/cc3200-sdk/driverlib/" --include_path="C:/ti/CC3200SDK_1.5.0/cc3200-sdk/inc/" --include_path="C:/ti/CC3200SDK_1.5.0/cc3200-sdk/example/common/" --include_path="C:/ti/ccs1000/ccs/tools/compiler/ti-cgt-arm_20.2.0.LTS/include" --define=ccs --define=cc3200 --define=NON_NETWORK -g --diag_warning=225 --diag_wrap=off --display_error_number --abi=eabi --preproc_with_compile --preproc_dependency="main.d_raw"  "../main.c"
 
>> Compilation failure
subdir_rules.mk:9: recipe for target 'main.obj' failed
"../main.c", line 134: error #148: declaration is incompatible with "long goertzel(int *, long, int)" (declared at line 75)
"../main.c", line 176: warning #179-D: variable "row_col" was declared but never referenced
"../main.c", line 239: warning #169-D: argument of type "char *" is incompatible with parameter of type "unsigned char *"
"../main.c", line 234: warning #179-D: variable "ulStatus" was declared but never referenced
"../main.c", line 318: warning #225-D: function "Timer_IF_init" declared implicitly
"../main.c", line 318: error #20: identifier "TIMER_CFG_PERIODIC" is undefined
"../main.c", line 318: error #20: identifier "TIMER_A" is undefined
3 errors detected in the compilation of "../main.c".
gmake: *** [main.obj] Error 1
gmake: Target 'all' not remade because of errors.

**** Build Finished ****

**** Build of configuration Debug for project DTMF ****

"C:\\ti\\ccs1000\\ccs\\utils\\bin\\gmake" -k -j 8 all -O 
 
Building file: "../main.c"
Invoking: ARM Compiler
"C:/ti/ccs1000/ccs/tools/compiler/ti-cgt-arm_20.2.0.LTS/bin/armcl" -mv7M4 --code_state=16 --float_support=none -me -Ooff --include_path="C:/Users/bradl/OneDrive/Documents/2023 Spring Quarter/EEC 172/Lab4/DTMF/DTMF" --include_path="C:/ti/CC3200SDK_1.5.0/cc3200-sdk/" --include_path="C:/ti/CC3200SDK_1.5.0/cc3200-sdk/driverlib/" --include_path="C:/ti/CC3200SDK_1.5.0/cc3200-sdk/inc/" --include_path="C:/ti/CC3200SDK_1.5.0/cc3200-sdk/example/common/" --include_path="C:/ti/ccs1000/ccs/tools/compiler/ti-cgt-arm_20.2.0.LTS/include" --define=ccs --define=cc3200 --define=NON_NETWORK -g --diag_warning=225 --diag_wrap=off --display_error_number --abi=eabi --preproc_with_compile --preproc_dependency="main.d_raw"  "../main.c"
 
>> Compilation failure
subdir_rules.mk:9: recipe for target 'main.obj' failed
"../main.c", line 176: warning #179-D: variable "row_col" was declared but never referenced
"../main.c", line 239: warning #169-D: argument of type "char *" is incompatible with parameter of type "unsigned char *"
"../main.c", line 234: warning #179-D: variable "ulStatus" was declared but never referenced
"../main.c", line 318: warning #225-D: function "Timer_IF_init" declared implicitly
"../main.c", line 318: error #20: identifier "TIMER_CFG_PERIODIC" is undefined
"../main.c", line 318: error #20: identifier "TIMER_A" is undefined
2 errors detected in the compilation of "../main.c".
gmake: *** [main.obj] Error 1
gmake: Target 'all' not remade because of errors.

**** Build Finished ****

**** Build of configuration Debug for project DTMF ****

"C:\\ti\\ccs1000\\ccs\\utils\\bin\\gmake" -k -j 8 all -O 
 
Building file: "../main.c"
Invoking: ARM Compiler
"C:/ti/ccs1000/ccs/tools/compiler/ti-cgt-arm_20.2.0.LTS/bin/armcl" -mv7M4 --code_state=16 --float_support=none -me -Ooff --include_path="C:/Users/bradl/OneDrive/Documents/2023 Spring Quarter/EEC 172/Lab4/DTMF/DTMF" --include_path="C:/ti/CC3200SDK_1.5.0/cc3200-sdk/" --include_path="C:/ti/CC3200SDK_1.5.0/cc3200-sdk/driverlib/" --include_path="C:/ti/CC3200SDK_1.5.0/cc3200-sdk/inc/" --include_path="C:/ti/CC3200SDK_1.5.0/cc3200-sdk/example/common/" --include_path="C:/ti/ccs1000/ccs/tools/compiler/ti-cgt-arm_20.2.0.LTS/include" --define=ccs --define=cc3200 --define=NON_NETWORK -g --diag_warning=225 --diag_wrap=off --display_error_number --abi=eabi --preproc_with_compile --preproc_dependency="main.d_raw"  "../main.c"
 
>> Compilation failure
subdir_rules.mk:9: recipe for target 'main.obj' failed
"../main.c", line 176: warning #179-D: variable "row_col" was declared but never referenced
"../main.c", line 239: warning #169-D: argument of type "char *" is incompatible with parameter of type "unsigned char *"
"../main.c", line 242: error #76: operand of "*" must be a pointer
"../main.c", line 243: error #76: operand of "*" must be a pointer
"../main.c", line 244: error #76: operand of "*" must be a pointer
"../main.c", line 245: error #76: operand of "*" must be a pointer
"../main.c", line 246: error #76: operand of "*" must be a pointer
"../main.c", line 234: warning #179-D: variable "ulStatus" was declared but never referenced
"../main.c", line 318: warning #225-D: function "Timer_IF_init" declared implicitly
"../main.c", line 318: error #20: identifier "TIMER_CFG_PERIODIC" is undefined
"../main.c", line 318: error #20: identifier "TIMER_A" is undefined
7 errors detected in the compilation of "../main.c".
gmake: *** [main.obj] Error 1
gmake: Target 'all' not remade because of errors.

**** Build Finished ****

**** Build of configuration Debug for project DTMF ****

"C:\\ti\\ccs1000\\ccs\\utils\\bin\\gmake" -k -j 8 all -O 
 
Building file: "../main.c"
Invoking: ARM Compiler
"C:/ti/ccs1000/ccs/tools/compiler/ti-cgt-arm_20.2.0.LTS/bin/armcl" -mv7M4 --code_state=16 --float_support=none -me -Ooff --include_path="C:/Users/bradl/OneDrive/Documents/2023 Spring Quarter/EEC 172/Lab4/DTMF/DTMF" --include_path="C:/ti/CC3200SDK_1.5.0/cc3200-sdk/" --include_path="C:/ti/CC3200SDK_1.5.0/cc3200-sdk/driverlib/" --include_path="C:/ti/CC3200SDK_1.5.0/cc3200-sdk/inc/" --include_path="C:/ti/CC3200SDK_1.5.0/cc3200-sdk/example/common/" --include_path="C:/ti/ccs1000/ccs/tools/compiler/ti-cgt-arm_20.2.0.LTS/include" --define=ccs --define=cc3200 --define=NON_NETWORK -g --diag_warning=225 --diag_wrap=off --display_error_number --abi=eabi --preproc_with_compile --preproc_dependency="main.d_raw"  "../main.c"
 
>> Compilation failure
subdir_rules.mk:9: recipe for target 'main.obj' failed
"../main.c", line 176: warning #179-D: variable "row_col" was declared but never referenced
"../main.c", line 239: warning #169-D: argument of type "char *" is incompatible with parameter of type "unsigned char *"
"../main.c", line 234: warning #179-D: variable "ulStatus" was declared but never referenced
"../main.c", line 318: warning #225-D: function "Timer_IF_init" declared implicitly
"../main.c", line 318: error #20: identifier "TIMER_CFG_PERIODIC" is undefined
"../main.c", line 318: error #20: identifier "TIMER_A" is undefined
2 errors detected in the compilation of "../main.c".
gmake: *** [main.obj] Error 1
gmake: Target 'all' not remade because of errors.

**** Build Finished ****

**** Build of configuration Debug for project DTMF ****

"C:\\ti\\ccs1000\\ccs\\utils\\bin\\gmake" -k -j 8 all -O 
 
Building file: "../main.c"
Invoking: ARM Compiler
"C:/ti/ccs1000/ccs/tools/compiler/ti-cgt-arm_20.2.0.LTS/bin/armcl" -mv7M4 --code_state=16 --float_support=none -me -Ooff --include_path="C:/Users/bradl/OneDrive/Documents/2023 Spring Quarter/EEC 172/Lab4/DTMF/DTMF" --include_path="C:/ti/CC3200SDK_1.5.0/cc3200-sdk/" --include_path="C:/ti/CC3200SDK_1.5.0/cc3200-sdk/driverlib/" --include_path="C:/ti/CC3200SDK_1.5.0/cc3200-sdk/inc/" --include_path="C:/ti/CC3200SDK_1.5.0/cc3200-sdk/example/common/" --include_path="C:/ti/ccs1000/ccs/tools/compiler/ti-cgt-arm_20.2.0.LTS/include" --define=ccs --define=cc3200 --define=NON_NETWORK -g --diag_warning=225 --diag_wrap=off --display_error_number --abi=eabi --preproc_with_compile --preproc_dependency="main.d_raw"  "../main.c"
"../main.c", line 176: warning #179-D: variable "row_col" was declared but never referenced
"../main.c", line 239: warning #169-D: argument of type "char *" is incompatible with parameter of type "unsigned char *"
"../main.c", line 234: warning #179-D: variable "ulStatus" was declared but never referenced
"../main.c", line 318: warning #225-D: function "Timer_IF_init" declared implicitly
"../main.c", line 320: warning #225-D: function "Timer_IF_IntSetup" declared implicitly
Finished building: "../main.c"
 
Building target: "DTMF.out"
Invoking: ARM Linker
"C:/ti/ccs1000/ccs/tools/compiler/ti-cgt-arm_20.2.0.LTS/bin/armcl" -mv7M4 --code_state=16 --float_support=none -me -Ooff --define=ccs --define=cc3200 --define=NON_NETWORK -g --diag_warning=225 --diag_wrap=off --display_error_number --abi=eabi -z -m"DTMF.map" --heap_size=0x800 --stack_size=0x800 -i"C:/ti/ccs1000/ccs/tools/compiler/ti-cgt-arm_20.2.0.LTS/lib" -i"C:/ti/ccs1000/ccs/tools/compiler/ti-cgt-arm_20.2.0.LTS/include" --reread_libs --diag_wrap=off --display_error_number --warn_sections --xml_link_info="DTMF_linkInfo.xml" --rom_model -o "DTMF.out" "./Adafruit_GFX.obj" "./Adafruit_OLED.obj" "./gpio_if.obj" "./main.obj" "./pin_mux_config.obj" "./startup_ccs.obj" "./test.obj" "./timer_if.obj" "../cc3200v1p32.cmd"  -l"C:/ti/CC3200SDK_1.5.0/cc3200-sdk/driverlib/ccs/Release/driverlib.a" -llibc.a 
<Linking>
 
 undefined     first referenced
  symbol           in file     
 ---------     ----------------
 Timer_IF_init ./main.obj      
 
error #10234-D: unresolved symbols remain
error #10010: errors encountered during linking; "DTMF.out" not built
 
>> Compilation failure
makefile:149: recipe for target 'DTMF.out' failed
gmake[1]: *** [DTMF.out] Error 1
makefile:145: recipe for target 'all' failed
gmake: *** [all] Error 2

**** Build Finished ****

**** Build of configuration Debug for project DTMF ****

"C:\\ti\\ccs1000\\ccs\\utils\\bin\\gmake" -k -j 8 all -O 
 
Building file: "../main.c"
Invoking: ARM Compiler
"C:/ti/ccs1000/ccs/tools/compiler/ti-cgt-arm_20.2.0.LTS/bin/armcl" -mv7M4 --code_state=16 --float_support=none -me -Ooff --include_path="C:/Users/bradl/OneDrive/Documents/2023 Spring Quarter/EEC 172/Lab4/DTMF/DTMF" --include_path="C:/ti/CC3200SDK_1.5.0/cc3200-sdk/" --include_path="C:/ti/CC3200SDK_1.5.0/cc3200-sdk/driverlib/" --include_path="C:/ti/CC3200SDK_1.5.0/cc3200-sdk/inc/" --include_path="C:/ti/CC3200SDK_1.5.0/cc3200-sdk/example/common/" --include_path="C:/ti/ccs1000/ccs/tools/compiler/ti-cgt-arm_20.2.0.LTS/include" --define=ccs --define=cc3200 --define=NON_NETWORK -g --diag_warning=225 --diag_wrap=off --display_error_number --abi=eabi --preproc_with_compile --preproc_dependency="main.d_raw"  "../main.c"
"../main.c", line 176: warning #179-D: variable "row_col" was declared but never referenced
"../main.c", line 239: warning #169-D: argument of type "char *" is incompatible with parameter of type "unsigned char *"
"../main.c", line 234: warning #179-D: variable "ulStatus" was declared but never referenced
"../main.c", line 318: warning #225-D: function "Timer_IF_Init" declared implicitly
"../main.c", line 320: warning #225-D: function "Timer_IF_IntSetup" declared implicitly
Finished building: "../main.c"
 
Building target: "DTMF.out"
Invoking: ARM Linker
"C:/ti/ccs1000/ccs/tools/compiler/ti-cgt-arm_20.2.0.LTS/bin/armcl" -mv7M4 --code_state=16 --float_support=none -me -Ooff --define=ccs --define=cc3200 --define=NON_NETWORK -g --diag_warning=225 --diag_wrap=off --display_error_number --abi=eabi -z -m"DTMF.map" --heap_size=0x800 --stack_size=0x800 -i"C:/ti/ccs1000/ccs/tools/compiler/ti-cgt-arm_20.2.0.LTS/lib" -i"C:/ti/ccs1000/ccs/tools/compiler/ti-cgt-arm_20.2.0.LTS/include" --reread_libs --diag_wrap=off --display_error_number --warn_sections --xml_link_info="DTMF_linkInfo.xml" --rom_model -o "DTMF.out" "./Adafruit_GFX.obj" "./Adafruit_OLED.obj" "./gpio_if.obj" "./main.obj" "./pin_mux_config.obj" "./startup_ccs.obj" "./test.obj" "./timer_if.obj" "../cc3200v1p32.cmd"  -l"C:/ti/CC3200SDK_1.5.0/cc3200-sdk/driverlib/ccs/Release/driverlib.a" -llibc.a 
<Linking>
Finished building target: "DTMF.out"
 
C:/ti/ccs1000/ccs/utils/tiobj2bin/tiobj2bin DTMF.out DTMF.bin C:/ti/ccs1000/ccs/tools/compiler/ti-cgt-arm_20.2.0.LTS/bin/armofd C:/ti/ccs1000/ccs/tools/compiler/ti-cgt-arm_20.2.0.LTS/bin/armhex C:/ti/ccs1000/ccs/utils/tiobj2bin/mkhex4bin
 

**** Build Finished ****

**** Build of configuration Debug for project DTMF ****

"C:\\ti\\ccs1000\\ccs\\utils\\bin\\gmake" -k -j 8 all -O 
 
Building file: "../main.c"
Invoking: ARM Compiler
"C:/ti/ccs1000/ccs/tools/compiler/ti-cgt-arm_20.2.0.LTS/bin/armcl" -mv7M4 --code_state=16 --float_support=none -me -Ooff --include_path="C:/Users/bradl/OneDrive/Documents/2023 Spring Quarter/EEC 172/Lab4/DTMF/DTMF" --include_path="C:/ti/CC3200SDK_1.5.0/cc3200-sdk/" --include_path="C:/ti/CC3200SDK_1.5.0/cc3200-sdk/driverlib/" --include_path="C:/ti/CC3200SDK_1.5.0/cc3200-sdk/inc/" --include_path="C:/ti/CC3200SDK_1.5.0/cc3200-sdk/example/common/" --include_path="C:/ti/ccs1000/ccs/tools/compiler/ti-cgt-arm_20.2.0.LTS/include" --define=ccs --define=cc3200 --define=NON_NETWORK -g --diag_warning=225 --diag_wrap=off --display_error_number --abi=eabi --preproc_with_compile --preproc_dependency="main.d_raw"  "../main.c"
 
>> Compilation failure
subdir_rules.mk:9: recipe for target 'main.obj' failed
"../main.c", line 89: error #29: expected an expression
"../main.c", line 177: warning #179-D: variable "row_col" was declared but never referenced
"../main.c", line 240: error #20: identifier "ADCRxBuffer" is undefined
"../main.c", line 235: warning #179-D: variable "ulStatus" was declared but never referenced
"../main.c", line 325: warning #225-D: function "Timer_IF_Init" declared implicitly
"../main.c", line 327: warning #225-D: function "Timer_IF_IntSetup" declared implicitly
2 errors detected in the compilation of "../main.c".
gmake: *** [main.obj] Error 1
Building file: "../timer_if.c"
Invoking: ARM Compiler
"C:/ti/ccs1000/ccs/tools/compiler/ti-cgt-arm_20.2.0.LTS/bin/armcl" -mv7M4 --code_state=16 --float_support=none -me -Ooff --include_path="C:/Users/bradl/OneDrive/Documents/2023 Spring Quarter/EEC 172/Lab4/DTMF/DTMF" --include_path="C:/ti/CC3200SDK_1.5.0/cc3200-sdk/" --include_path="C:/ti/CC3200SDK_1.5.0/cc3200-sdk/driverlib/" --include_path="C:/ti/CC3200SDK_1.5.0/cc3200-sdk/inc/" --include_path="C:/ti/CC3200SDK_1.5.0/cc3200-sdk/example/common/" --include_path="C:/ti/ccs1000/ccs/tools/compiler/ti-cgt-arm_20.2.0.LTS/include" --define=ccs --define=cc3200 --define=NON_NETWORK -g --diag_warning=225 --diag_wrap=off --display_error_number --abi=eabi --preproc_with_compile --preproc_dependency="timer_if.d_raw"  "../timer_if.c"
Finished building: "../timer_if.c"
 
gmake: Target 'all' not remade because of errors.

**** Build Finished ****

**** Build of configuration Debug for project DTMF ****

"C:\\ti\\ccs1000\\ccs\\utils\\bin\\gmake" -k -j 8 all -O 
 
Building file: "../main.c"
Invoking: ARM Compiler
"C:/ti/ccs1000/ccs/tools/compiler/ti-cgt-arm_20.2.0.LTS/bin/armcl" -mv7M4 --code_state=16 --float_support=none -me -Ooff --include_path="C:/Users/bradl/OneDrive/Documents/2023 Spring Quarter/EEC 172/Lab4/DTMF/DTMF" --include_path="C:/ti/CC3200SDK_1.5.0/cc3200-sdk/" --include_path="C:/ti/CC3200SDK_1.5.0/cc3200-sdk/driverlib/" --include_path="C:/ti/CC3200SDK_1.5.0/cc3200-sdk/inc/" --include_path="C:/ti/CC3200SDK_1.5.0/cc3200-sdk/example/common/" --include_path="C:/ti/ccs1000/ccs/tools/compiler/ti-cgt-arm_20.2.0.LTS/include" --define=ccs --define=cc3200 --define=NON_NETWORK -g --diag_warning=225 --diag_wrap=off --display_error_number --abi=eabi --preproc_with_compile --preproc_dependency="main.d_raw"  "../main.c"
 
>> Compilation failure
subdir_rules.mk:9: recipe for target 'main.obj' failed
"../main.c", line 89: error #29: expected an expression
"../main.c", line 177: warning #179-D: variable "row_col" was declared but never referenced
"../main.c", line 240: error #20: identifier "ADCRxBuffer" is undefined
"../main.c", line 235: warning #179-D: variable "ulStatus" was declared but never referenced
"../main.c", line 325: warning #225-D: function "Timer_IF_Init" declared implicitly
"../main.c", line 327: warning #225-D: function "Timer_IF_IntSetup" declared implicitly
2 errors detected in the compilation of "../main.c".
gmake: *** [main.obj] Error 1
gmake: Target 'all' not remade because of errors.

**** Build Finished ****

**** Build of configuration Debug for project DTMF ****

"C:\\ti\\ccs1000\\ccs\\utils\\bin\\gmake" -k -j 8 all -O 
 
Building file: "../main.c"
Invoking: ARM Compiler
"C:/ti/ccs1000/ccs/tools/compiler/ti-cgt-arm_20.2.0.LTS/bin/armcl" -mv7M4 --code_state=16 --float_support=none -me -Ooff --include_path="C:/Users/bradl/OneDrive/Documents/2023 Spring Quarter/EEC 172/Lab4/DTMF/DTMF" --include_path="C:/ti/CC3200SDK_1.5.0/cc3200-sdk/" --include_path="C:/ti/CC3200SDK_1.5.0/cc3200-sdk/driverlib/" --include_path="C:/ti/CC3200SDK_1.5.0/cc3200-sdk/inc/" --include_path="C:/ti/CC3200SDK_1.5.0/cc3200-sdk/example/common/" --include_path="C:/ti/ccs1000/ccs/tools/compiler/ti-cgt-arm_20.2.0.LTS/include" --define=ccs --define=cc3200 --define=NON_NETWORK -g --diag_warning=225 --diag_wrap=off --display_error_number --abi=eabi --preproc_with_compile --preproc_dependency="main.d_raw"  "../main.c"
"../main.c", line 176: warning #179-D: variable "row_col" was declared but never referenced
"../main.c", line 239: warning #169-D: argument of type "char *" is incompatible with parameter of type "unsigned char *"
"../main.c", line 234: warning #179-D: variable "ulStatus" was declared but never referenced
"../main.c", line 324: warning #225-D: function "Timer_IF_Init" declared implicitly
"../main.c", line 326: warning #225-D: function "Timer_IF_IntSetup" declared implicitly
Finished building: "../main.c"
 
Building target: "DTMF.out"
Invoking: ARM Linker
"C:/ti/ccs1000/ccs/tools/compiler/ti-cgt-arm_20.2.0.LTS/bin/armcl" -mv7M4 --code_state=16 --float_support=none -me -Ooff --define=ccs --define=cc3200 --define=NON_NETWORK -g --diag_warning=225 --diag_wrap=off --display_error_number --abi=eabi -z -m"DTMF.map" --heap_size=0x800 --stack_size=0x800 -i"C:/ti/ccs1000/ccs/tools/compiler/ti-cgt-arm_20.2.0.LTS/lib" -i"C:/ti/ccs1000/ccs/tools/compiler/ti-cgt-arm_20.2.0.LTS/include" --reread_libs --diag_wrap=off --display_error_number --warn_sections --xml_link_info="DTMF_linkInfo.xml" --rom_model -o "DTMF.out" "./Adafruit_GFX.obj" "./Adafruit_OLED.obj" "./gpio_if.obj" "./main.obj" "./pin_mux_config.obj" "./startup_ccs.obj" "./test.obj" "./timer_if.obj" "../cc3200v1p32.cmd"  -l"C:/ti/CC3200SDK_1.5.0/cc3200-sdk/driverlib/ccs/Release/driverlib.a" -llibc.a 
<Linking>
Finished building target: "DTMF.out"
 
C:/ti/ccs1000/ccs/utils/tiobj2bin/tiobj2bin DTMF.out DTMF.bin C:/ti/ccs1000/ccs/tools/compiler/ti-cgt-arm_20.2.0.LTS/bin/armofd C:/ti/ccs1000/ccs/tools/compiler/ti-cgt-arm_20.2.0.LTS/bin/armhex C:/ti/ccs1000/ccs/utils/tiobj2bin/mkhex4bin
 

**** Build Finished ****

**** Build of configuration Debug for project DTMF ****

"C:\\ti\\ccs1000\\ccs\\utils\\bin\\gmake" -k -j 8 all -O 
 
Building file: "../main.c"
Invoking: ARM Compiler
"C:/ti/ccs1000/ccs/tools/compiler/ti-cgt-arm_20.2.0.LTS/bin/armcl" -mv7M4 --code_state=16 --float_support=none -me -Ooff --include_path="C:/Users/bradl/OneDrive/Documents/2023 Spring Quarter/EEC 172/Lab4/DTMF/DTMF" --include_path="C:/ti/CC3200SDK_1.5.0/cc3200-sdk/" --include_path="C:/ti/CC3200SDK_1.5.0/cc3200-sdk/driverlib/" --include_path="C:/ti/CC3200SDK_1.5.0/cc3200-sdk/inc/" --include_path="C:/ti/CC3200SDK_1.5.0/cc3200-sdk/example/common/" --include_path="C:/ti/ccs1000/ccs/tools/compiler/ti-cgt-arm_20.2.0.LTS/include" --define=ccs --define=cc3200 --define=NON_NETWORK -g --diag_warning=225 --diag_wrap=off --display_error_number --abi=eabi --preproc_with_compile --preproc_dependency="main.d_raw"  "../main.c"
"../main.c", line 176: warning #179-D: variable "row_col" was declared but never referenced
"../main.c", line 239: warning #169-D: argument of type "char *" is incompatible with parameter of type "unsigned char *"
"../main.c", line 234: warning #179-D: variable "ulStatus" was declared but never referenced
"../main.c", line 325: warning #225-D: function "Timer_IF_Init" declared implicitly
"../main.c", line 327: warning #225-D: function "Timer_IF_IntSetup" declared implicitly
Finished building: "../main.c"
 
Building target: "DTMF.out"
Invoking: ARM Linker
"C:/ti/ccs1000/ccs/tools/compiler/ti-cgt-arm_20.2.0.LTS/bin/armcl" -mv7M4 --code_state=16 --float_support=none -me -Ooff --define=ccs --define=cc3200 --define=NON_NETWORK -g --diag_warning=225 --diag_wrap=off --display_error_number --abi=eabi -z -m"DTMF.map" --heap_size=0x800 --stack_size=0x800 -i"C:/ti/ccs1000/ccs/tools/compiler/ti-cgt-arm_20.2.0.LTS/lib" -i"C:/ti/ccs1000/ccs/tools/compiler/ti-cgt-arm_20.2.0.LTS/include" --reread_libs --diag_wrap=off --display_error_number --warn_sections --xml_link_info="DTMF_linkInfo.xml" --rom_model -o "DTMF.out" "./Adafruit_GFX.obj" "./Adafruit_OLED.obj" "./gpio_if.obj" "./main.obj" "./pin_mux_config.obj" "./startup_ccs.obj" "./test.obj" "./timer_if.obj" "../cc3200v1p32.cmd"  -l"C:/ti/CC3200SDK_1.5.0/cc3200-sdk/driverlib/ccs/Release/driverlib.a" -llibc.a 
<Linking>
Finished building target: "DTMF.out"
 
C:/ti/ccs1000/ccs/utils/tiobj2bin/tiobj2bin DTMF.out DTMF.bin C:/ti/ccs1000/ccs/tools/compiler/ti-cgt-arm_20.2.0.LTS/bin/armofd C:/ti/ccs1000/ccs/tools/compiler/ti-cgt-arm_20.2.0.LTS/bin/armhex C:/ti/ccs1000/ccs/utils/tiobj2bin/mkhex4bin
 

**** Build Finished ****

**** Build of configuration Debug for project DTMF ****

"C:\\ti\\ccs1000\\ccs\\utils\\bin\\gmake" -k -j 8 all -O 
 
gmake[1]: 'DTMF.out' is up to date.

**** Build Finished ****

**** Build of configuration Debug for project DTMF ****

"C:\\ti\\ccs1000\\ccs\\utils\\bin\\gmake" -k -j 8 all -O 
 
Building file: "../Adafruit_OLED.c"
Invoking: ARM Compiler
"C:/ti/ccs1000/ccs/tools/compiler/ti-cgt-arm_20.2.0.LTS/bin/armcl" -mv7M4 --code_state=16 --float_support=none -me -Ooff --include_path="C:/Users/bradl/OneDrive/Documents/2023 Spring Quarter/EEC 172/Lab4/DTMF/DTMF" --include_path="C:/ti/CC3200SDK_1.5.0/cc3200-sdk/" --include_path="C:/ti/CC3200SDK_1.5.0/cc3200-sdk/driverlib/" --include_path="C:/ti/CC3200SDK_1.5.0/cc3200-sdk/inc/" --include_path="C:/ti/CC3200SDK_1.5.0/cc3200-sdk/example/common/" --include_path="C:/ti/ccs1000/ccs/tools/compiler/ti-cgt-arm_20.2.0.LTS/include" --define=ccs --define=cc3200 --define=NON_NETWORK -g --diag_warning=225 --diag_wrap=off --display_error_number --abi=eabi --preproc_with_compile --preproc_dependency="Adafruit_OLED.d_raw"  "../Adafruit_OLED.c"
Finished building: "../Adafruit_OLED.c"
 
Building file: "../main.c"
Invoking: ARM Compiler
"C:/ti/ccs1000/ccs/tools/compiler/ti-cgt-arm_20.2.0.LTS/bin/armcl" -mv7M4 --code_state=16 --float_support=none -me -Ooff --include_path="C:/Users/bradl/OneDrive/Documents/2023 Spring Quarter/EEC 172/Lab4/DTMF/DTMF" --include_path="C:/ti/CC3200SDK_1.5.0/cc3200-sdk/" --include_path="C:/ti/CC3200SDK_1.5.0/cc3200-sdk/driverlib/" --include_path="C:/ti/CC3200SDK_1.5.0/cc3200-sdk/inc/" --include_path="C:/ti/CC3200SDK_1.5.0/cc3200-sdk/example/common/" --include_path="C:/ti/ccs1000/ccs/tools/compiler/ti-cgt-arm_20.2.0.LTS/include" --define=ccs --define=cc3200 --define=NON_NETWORK -g --diag_warning=225 --diag_wrap=off --display_error_number --abi=eabi --preproc_with_compile --preproc_dependency="main.d_raw"  "../main.c"
"../main.c", line 176: warning #179-D: variable "row_col" was declared but never referenced
"../main.c", line 239: warning #169-D: argument of type "char *" is incompatible with parameter of type "unsigned char *"
"../main.c", line 234: warning #179-D: variable "ulStatus" was declared but never referenced
"../main.c", line 327: warning #225-D: function "Timer_IF_Init" declared implicitly
"../main.c", line 329: warning #225-D: function "Timer_IF_IntSetup" declared implicitly
"../main.c", line 281: warning #179-D: variable "ulStatus" was declared but never referenced
Finished building: "../main.c"
 
Building target: "DTMF.out"
Invoking: ARM Linker
"C:/ti/ccs1000/ccs/tools/compiler/ti-cgt-arm_20.2.0.LTS/bin/armcl" -mv7M4 --code_state=16 --float_support=none -me -Ooff --define=ccs --define=cc3200 --define=NON_NETWORK -g --diag_warning=225 --diag_wrap=off --display_error_number --abi=eabi -z -m"DTMF.map" --heap_size=0x800 --stack_size=0x800 -i"C:/ti/ccs1000/ccs/tools/compiler/ti-cgt-arm_20.2.0.LTS/lib" -i"C:/ti/ccs1000/ccs/tools/compiler/ti-cgt-arm_20.2.0.LTS/include" --reread_libs --diag_wrap=off --display_error_number --warn_sections --xml_link_info="DTMF_linkInfo.xml" --rom_model -o "DTMF.out" "./Adafruit_GFX.obj" "./Adafruit_OLED.obj" "./gpio_if.obj" "./main.obj" "./pin_mux_config.obj" "./startup_ccs.obj" "./test.obj" "./timer_if.obj" "../cc3200v1p32.cmd"  -l"C:/ti/CC3200SDK_1.5.0/cc3200-sdk/driverlib/ccs/Release/driverlib.a" -llibc.a 
<Linking>
Finished building target: "DTMF.out"
 
C:/ti/ccs1000/ccs/utils/tiobj2bin/tiobj2bin DTMF.out DTMF.bin C:/ti/ccs1000/ccs/tools/compiler/ti-cgt-arm_20.2.0.LTS/bin/armofd C:/ti/ccs1000/ccs/tools/compiler/ti-cgt-arm_20.2.0.LTS/bin/armhex C:/ti/ccs1000/ccs/utils/tiobj2bin/mkhex4bin
 

**** Build Finished ****

**** Build of configuration Debug for project DTMF ****

"C:\\ti\\ccs1000\\ccs\\utils\\bin\\gmake" -k -j 8 all -O 
 
Building file: "../pin_mux_config.c"
Invoking: ARM Compiler
"C:/ti/ccs1000/ccs/tools/compiler/ti-cgt-arm_20.2.0.LTS/bin/armcl" -mv7M4 --code_state=16 --float_support=none -me -Ooff --include_path="C:/Users/bradl/OneDrive/Documents/2023 Spring Quarter/EEC 172/Lab4/DTMF/DTMF" --include_path="C:/ti/CC3200SDK_1.5.0/cc3200-sdk/" --include_path="C:/ti/CC3200SDK_1.5.0/cc3200-sdk/driverlib/" --include_path="C:/ti/CC3200SDK_1.5.0/cc3200-sdk/inc/" --include_path="C:/ti/CC3200SDK_1.5.0/cc3200-sdk/example/common/" --include_path="C:/ti/ccs1000/ccs/tools/compiler/ti-cgt-arm_20.2.0.LTS/include" --define=ccs --define=cc3200 --define=NON_NETWORK -g --diag_warning=225 --diag_wrap=off --display_error_number --abi=eabi --preproc_with_compile --preproc_dependency="pin_mux_config.d_raw"  "../pin_mux_config.c"
 
>> Compilation failure
subdir_rules.mk:9: recipe for target 'pin_mux_config.obj' failed
"../pin_mux_config.c", line 177: error #249: function "PinMuxConfig" has already been defined
1 error detected in the compilation of "../pin_mux_config.c".
gmake: *** [pin_mux_config.obj] Error 1
gmake: Target 'all' not remade because of errors.

**** Build Finished ****

**** Build of configuration Debug for project DTMF ****

"C:\\ti\\ccs1000\\ccs\\utils\\bin\\gmake" -k -j 8 all -O 
 
Building file: "../pin_mux_config.c"
Invoking: ARM Compiler
"C:/ti/ccs1000/ccs/tools/compiler/ti-cgt-arm_20.2.0.LTS/bin/armcl" -mv7M4 --code_state=16 --float_support=none -me -Ooff --include_path="C:/Users/bradl/OneDrive/Documents/2023 Spring Quarter/EEC 172/Lab4/DTMF/DTMF" --include_path="C:/ti/CC3200SDK_1.5.0/cc3200-sdk/" --include_path="C:/ti/CC3200SDK_1.5.0/cc3200-sdk/driverlib/" --include_path="C:/ti/CC3200SDK_1.5.0/cc3200-sdk/inc/" --include_path="C:/ti/CC3200SDK_1.5.0/cc3200-sdk/example/common/" --include_path="C:/ti/ccs1000/ccs/tools/compiler/ti-cgt-arm_20.2.0.LTS/include" --define=ccs --define=cc3200 --define=NON_NETWORK -g --diag_warning=225 --diag_wrap=off --display_error_number --abi=eabi --preproc_with_compile --preproc_dependency="pin_mux_config.d_raw"  "../pin_mux_config.c"
Finished building: "../pin_mux_config.c"
 
Building target: "DTMF.out"
Invoking: ARM Linker
"C:/ti/ccs1000/ccs/tools/compiler/ti-cgt-arm_20.2.0.LTS/bin/armcl" -mv7M4 --code_state=16 --float_support=none -me -Ooff --define=ccs --define=cc3200 --define=NON_NETWORK -g --diag_warning=225 --diag_wrap=off --display_error_number --abi=eabi -z -m"DTMF.map" --heap_size=0x800 --stack_size=0x800 -i"C:/ti/ccs1000/ccs/tools/compiler/ti-cgt-arm_20.2.0.LTS/lib" -i"C:/ti/ccs1000/ccs/tools/compiler/ti-cgt-arm_20.2.0.LTS/include" --reread_libs --diag_wrap=off --display_error_number --warn_sections --xml_link_info="DTMF_linkInfo.xml" --rom_model -o "DTMF.out" "./Adafruit_GFX.obj" "./Adafruit_OLED.obj" "./gpio_if.obj" "./main.obj" "./pin_mux_config.obj" "./startup_ccs.obj" "./test.obj" "./timer_if.obj" "../cc3200v1p32.cmd"  -l"C:/ti/CC3200SDK_1.5.0/cc3200-sdk/driverlib/ccs/Release/driverlib.a" -llibc.a 
<Linking>
Finished building target: "DTMF.out"
 
C:/ti/ccs1000/ccs/utils/tiobj2bin/tiobj2bin DTMF.out DTMF.bin C:/ti/ccs1000/ccs/tools/compiler/ti-cgt-arm_20.2.0.LTS/bin/armofd C:/ti/ccs1000/ccs/tools/compiler/ti-cgt-arm_20.2.0.LTS/bin/armhex C:/ti/ccs1000/ccs/utils/tiobj2bin/mkhex4bin
 

**** Build Finished ****

**** Build of configuration Debug for project DTMF ****

"C:\\ti\\ccs1000\\ccs\\utils\\bin\\gmake" -k -j 8 all -O 
 
Building file: "../pin_mux_config.c"
Invoking: ARM Compiler
"C:/ti/ccs1000/ccs/tools/compiler/ti-cgt-arm_20.2.0.LTS/bin/armcl" -mv7M4 --code_state=16 --float_support=none -me -Ooff --include_path="C:/Users/bradl/OneDrive/Documents/2023 Spring Quarter/EEC 172/Lab4/DTMF/DTMF" --include_path="C:/ti/CC3200SDK_1.5.0/cc3200-sdk/" --include_path="C:/ti/CC3200SDK_1.5.0/cc3200-sdk/driverlib/" --include_path="C:/ti/CC3200SDK_1.5.0/cc3200-sdk/inc/" --include_path="C:/ti/CC3200SDK_1.5.0/cc3200-sdk/example/common/" --include_path="C:/ti/ccs1000/ccs/tools/compiler/ti-cgt-arm_20.2.0.LTS/include" --define=ccs --define=cc3200 --define=NON_NETWORK -g --diag_warning=225 --diag_wrap=off --display_error_number --abi=eabi --preproc_with_compile --preproc_dependency="pin_mux_config.d_raw"  "../pin_mux_config.c"
Finished building: "../pin_mux_config.c"
 
Building target: "DTMF.out"
Invoking: ARM Linker
"C:/ti/ccs1000/ccs/tools/compiler/ti-cgt-arm_20.2.0.LTS/bin/armcl" -mv7M4 --code_state=16 --float_support=none -me -Ooff --define=ccs --define=cc3200 --define=NON_NETWORK -g --diag_warning=225 --diag_wrap=off --display_error_number --abi=eabi -z -m"DTMF.map" --heap_size=0x800 --stack_size=0x800 -i"C:/ti/ccs1000/ccs/tools/compiler/ti-cgt-arm_20.2.0.LTS/lib" -i"C:/ti/ccs1000/ccs/tools/compiler/ti-cgt-arm_20.2.0.LTS/include" --reread_libs --diag_wrap=off --display_error_number --warn_sections --xml_link_info="DTMF_linkInfo.xml" --rom_model -o "DTMF.out" "./Adafruit_GFX.obj" "./Adafruit_OLED.obj" "./gpio_if.obj" "./main.obj" "./pin_mux_config.obj" "./startup_ccs.obj" "./test.obj" "./timer_if.obj" "../cc3200v1p32.cmd"  -l"C:/ti/CC3200SDK_1.5.0/cc3200-sdk/driverlib/ccs/Release/driverlib.a" -llibc.a 
<Linking>
Finished building target: "DTMF.out"
 
C:/ti/ccs1000/ccs/utils/tiobj2bin/tiobj2bin DTMF.out DTMF.bin C:/ti/ccs1000/ccs/tools/compiler/ti-cgt-arm_20.2.0.LTS/bin/armofd C:/ti/ccs1000/ccs/tools/compiler/ti-cgt-arm_20.2.0.LTS/bin/armhex C:/ti/ccs1000/ccs/utils/tiobj2bin/mkhex4bin
 

**** Build Finished ****

**** Build of configuration Debug for project DTMF ****

"C:\\ti\\ccs1000\\ccs\\utils\\bin\\gmake" -k -j 8 all -O 
 
gmake[1]: 'DTMF.out' is up to date.

**** Build Finished ****

**** Build of configuration Debug for project DTMF ****

"C:\\ti\\ccs1000\\ccs\\utils\\bin\\gmake" -k -j 8 all -O 
 
Building file: "../main.c"
Invoking: ARM Compiler
"C:/ti/ccs1000/ccs/tools/compiler/ti-cgt-arm_20.2.0.LTS/bin/armcl" -mv7M4 --code_state=16 --float_support=none -me -Ooff --include_path="C:/Users/bradl/OneDrive/Documents/2023 Spring Quarter/EEC 172/Lab4/DTMF/DTMF" --include_path="C:/ti/CC3200SDK_1.5.0/cc3200-sdk/" --include_path="C:/ti/CC3200SDK_1.5.0/cc3200-sdk/driverlib/" --include_path="C:/ti/CC3200SDK_1.5.0/cc3200-sdk/inc/" --include_path="C:/ti/CC3200SDK_1.5.0/cc3200-sdk/example/common/" --include_path="C:/ti/ccs1000/ccs/tools/compiler/ti-cgt-arm_20.2.0.LTS/include" --define=ccs --define=cc3200 --define=NON_NETWORK -g --diag_warning=225 --diag_wrap=off --display_error_number --abi=eabi --preproc_with_compile --preproc_dependency="main.d_raw"  "../main.c"
"../main.c", line 176: warning #179-D: variable "row_col" was declared but never referenced
"../main.c", line 239: warning #169-D: argument of type "char *" is incompatible with parameter of type "unsigned char *"
"../main.c", line 234: warning #179-D: variable "ulStatus" was declared but never referenced
"../main.c", line 327: warning #225-D: function "Timer_IF_Init" declared implicitly
"../main.c", line 329: warning #225-D: function "Timer_IF_IntSetup" declared implicitly
"../main.c", line 281: warning #179-D: variable "ulStatus" was declared but never referenced
Finished building: "../main.c"
 
Building target: "DTMF.out"
Invoking: ARM Linker
"C:/ti/ccs1000/ccs/tools/compiler/ti-cgt-arm_20.2.0.LTS/bin/armcl" -mv7M4 --code_state=16 --float_support=none -me -Ooff --define=ccs --define=cc3200 --define=NON_NETWORK -g --diag_warning=225 --diag_wrap=off --display_error_number --abi=eabi -z -m"DTMF.map" --heap_size=0x800 --stack_size=0x800 -i"C:/ti/ccs1000/ccs/tools/compiler/ti-cgt-arm_20.2.0.LTS/lib" -i"C:/ti/ccs1000/ccs/tools/compiler/ti-cgt-arm_20.2.0.LTS/include" --reread_libs --diag_wrap=off --display_error_number --warn_sections --xml_link_info="DTMF_linkInfo.xml" --rom_model -o "DTMF.out" "./Adafruit_GFX.obj" "./Adafruit_OLED.obj" "./gpio_if.obj" "./main.obj" "./pin_mux_config.obj" "./startup_ccs.obj" "./test.obj" "./timer_if.obj" "../cc3200v1p32.cmd"  -l"C:/ti/CC3200SDK_1.5.0/cc3200-sdk/driverlib/ccs/Release/driverlib.a" -llibc.a 
<Linking>
Finished building target: "DTMF.out"
 
C:/ti/ccs1000/ccs/utils/tiobj2bin/tiobj2bin DTMF.out DTMF.bin C:/ti/ccs1000/ccs/tools/compiler/ti-cgt-arm_20.2.0.LTS/bin/armofd C:/ti/ccs1000/ccs/tools/compiler/ti-cgt-arm_20.2.0.LTS/bin/armhex C:/ti/ccs1000/ccs/utils/tiobj2bin/mkhex4bin
 

**** Build Finished ****

**** Build of configuration Debug for project DTMF ****

"C:\\ti\\ccs1000\\ccs\\utils\\bin\\gmake" -k -j 8 all -O 
 
Building file: "../pin_mux_config.c"
Invoking: ARM Compiler
"C:/ti/ccs1000/ccs/tools/compiler/ti-cgt-arm_20.2.0.LTS/bin/armcl" -mv7M4 --code_state=16 --float_support=none -me -Ooff --include_path="C:/Users/bradl/OneDrive/Documents/2023 Spring Quarter/EEC 172/Lab4/DTMF/DTMF" --include_path="C:/ti/CC3200SDK_1.5.0/cc3200-sdk/" --include_path="C:/ti/CC3200SDK_1.5.0/cc3200-sdk/driverlib/" --include_path="C:/ti/CC3200SDK_1.5.0/cc3200-sdk/inc/" --include_path="C:/ti/CC3200SDK_1.5.0/cc3200-sdk/example/common/" --include_path="C:/ti/ccs1000/ccs/tools/compiler/ti-cgt-arm_20.2.0.LTS/include" --define=ccs --define=cc3200 --define=NON_NETWORK -g --diag_warning=225 --diag_wrap=off --display_error_number --abi=eabi --preproc_with_compile --preproc_dependency="pin_mux_config.d_raw"  "../pin_mux_config.c"
Finished building: "../pin_mux_config.c"
 
Building target: "DTMF.out"
Invoking: ARM Linker
"C:/ti/ccs1000/ccs/tools/compiler/ti-cgt-arm_20.2.0.LTS/bin/armcl" -mv7M4 --code_state=16 --float_support=none -me -Ooff --define=ccs --define=cc3200 --define=NON_NETWORK -g --diag_warning=225 --diag_wrap=off --display_error_number --abi=eabi -z -m"DTMF.map" --heap_size=0x800 --stack_size=0x800 -i"C:/ti/ccs1000/ccs/tools/compiler/ti-cgt-arm_20.2.0.LTS/lib" -i"C:/ti/ccs1000/ccs/tools/compiler/ti-cgt-arm_20.2.0.LTS/include" --reread_libs --diag_wrap=off --display_error_number --warn_sections --xml_link_info="DTMF_linkInfo.xml" --rom_model -o "DTMF.out" "./Adafruit_GFX.obj" "./Adafruit_OLED.obj" "./gpio_if.obj" "./main.obj" "./pin_mux_config.obj" "./startup_ccs.obj" "./test.obj" "./timer_if.obj" "../cc3200v1p32.cmd"  -l"C:/ti/CC3200SDK_1.5.0/cc3200-sdk/driverlib/ccs/Release/driverlib.a" -llibc.a 
<Linking>
Finished building target: "DTMF.out"
 
C:/ti/ccs1000/ccs/utils/tiobj2bin/tiobj2bin DTMF.out DTMF.bin C:/ti/ccs1000/ccs/tools/compiler/ti-cgt-arm_20.2.0.LTS/bin/armofd C:/ti/ccs1000/ccs/tools/compiler/ti-cgt-arm_20.2.0.LTS/bin/armhex C:/ti/ccs1000/ccs/utils/tiobj2bin/mkhex4bin
 

**** Build Finished ****
