
**** Build of configuration Debug for project blinky ****

"C:\\ti\\ccs1000\\ccs\\utils\\bin\\gmake" -k -j 8 all -O 
 
Building file: "../main.c"
Invoking: ARM Compiler
"C:/ti/ccs1000/ccs/tools/compiler/ti-cgt-arm_20.2.0.LTS/bin/armcl" -mv7M4 --code_state=16 --float_support=none -me -Ooff --include_path="C:/Users/bradl/OneDrive/Documents/2023 Spring Quarter/EEC 172/newLab5/blinky" --include_path="C:/ti/CC3200SDK_1.5.0/cc3200-sdk/" --include_path="C:/ti/CC3200SDK_1.5.0/cc3200-sdk/driverlib/" --include_path="C:/ti/CC3200SDK_1.5.0/cc3200-sdk/inc/" --include_path="C:/ti/CC3200SDK_1.5.0/cc3200-sdk/example/common/" --include_path="C:/ti/ccs1000/ccs/tools/compiler/ti-cgt-arm_20.2.0.LTS/include" --define=ccs --define=cc3200 --define=NON_NETWORK -g --diag_warning=225 --diag_wrap=off --display_error_number --abi=eabi --preproc_with_compile --preproc_dependency="main.d_raw"  "../main.c"
 
>> Compilation failure
subdir_rules.mk:16: recipe for target 'main.obj' failed
"../main.c", line 61: fatal error #1965: cannot open source file "simplelink.h"
1 catastrophic error detected in the compilation of "../main.c".
Compilation terminated.
gmake: *** [main.obj] Error 1
Building file: "C:/ti/CC3200SDK_1.5.0/cc3200-sdk/example/common/gpio_if.c"
Invoking: ARM Compiler
"C:/ti/ccs1000/ccs/tools/compiler/ti-cgt-arm_20.2.0.LTS/bin/armcl" -mv7M4 --code_state=16 --float_support=none -me -Ooff --include_path="C:/Users/bradl/OneDrive/Documents/2023 Spring Quarter/EEC 172/newLab5/blinky" --include_path="C:/ti/CC3200SDK_1.5.0/cc3200-sdk/" --include_path="C:/ti/CC3200SDK_1.5.0/cc3200-sdk/driverlib/" --include_path="C:/ti/CC3200SDK_1.5.0/cc3200-sdk/inc/" --include_path="C:/ti/CC3200SDK_1.5.0/cc3200-sdk/example/common/" --include_path="C:/ti/ccs1000/ccs/tools/compiler/ti-cgt-arm_20.2.0.LTS/include" --define=ccs --define=cc3200 --define=NON_NETWORK -g --diag_warning=225 --diag_wrap=off --display_error_number --abi=eabi --preproc_with_compile --preproc_dependency="gpio_if.d_raw"  "C:/ti/CC3200SDK_1.5.0/cc3200-sdk/example/common/gpio_if.c"
Finished building: "C:/ti/CC3200SDK_1.5.0/cc3200-sdk/example/common/gpio_if.c"
 
Building file: "../pinmux.c"
Invoking: ARM Compiler
"C:/ti/ccs1000/ccs/tools/compiler/ti-cgt-arm_20.2.0.LTS/bin/armcl" -mv7M4 --code_state=16 --float_support=none -me -Ooff --include_path="C:/Users/bradl/OneDrive/Documents/2023 Spring Quarter/EEC 172/newLab5/blinky" --include_path="C:/ti/CC3200SDK_1.5.0/cc3200-sdk/" --include_path="C:/ti/CC3200SDK_1.5.0/cc3200-sdk/driverlib/" --include_path="C:/ti/CC3200SDK_1.5.0/cc3200-sdk/inc/" --include_path="C:/ti/CC3200SDK_1.5.0/cc3200-sdk/example/common/" --include_path="C:/ti/ccs1000/ccs/tools/compiler/ti-cgt-arm_20.2.0.LTS/include" --define=ccs --define=cc3200 --define=NON_NETWORK -g --diag_warning=225 --diag_wrap=off --display_error_number --abi=eabi --preproc_with_compile --preproc_dependency="pinmux.d_raw"  "../pinmux.c"
Finished building: "../pinmux.c"
 
Building file: "C:/ti/CC3200SDK_1.5.0/cc3200-sdk/example/common/startup_ccs.c"
Invoking: ARM Compiler
"C:/ti/ccs1000/ccs/tools/compiler/ti-cgt-arm_20.2.0.LTS/bin/armcl" -mv7M4 --code_state=16 --float_support=none -me -Ooff --include_path="C:/Users/bradl/OneDrive/Documents/2023 Spring Quarter/EEC 172/newLab5/blinky" --include_path="C:/ti/CC3200SDK_1.5.0/cc3200-sdk/" --include_path="C:/ti/CC3200SDK_1.5.0/cc3200-sdk/driverlib/" --include_path="C:/ti/CC3200SDK_1.5.0/cc3200-sdk/inc/" --include_path="C:/ti/CC3200SDK_1.5.0/cc3200-sdk/example/common/" --include_path="C:/ti/ccs1000/ccs/tools/compiler/ti-cgt-arm_20.2.0.LTS/include" --define=ccs --define=cc3200 --define=NON_NETWORK -g --diag_warning=225 --diag_wrap=off --display_error_number --abi=eabi --preproc_with_compile --preproc_dependency="startup_ccs.d_raw"  "C:/ti/CC3200SDK_1.5.0/cc3200-sdk/example/common/startup_ccs.c"
Finished building: "C:/ti/CC3200SDK_1.5.0/cc3200-sdk/example/common/startup_ccs.c"
 
Building file: "../uart_if.c"
Invoking: ARM Compiler
"C:/ti/ccs1000/ccs/tools/compiler/ti-cgt-arm_20.2.0.LTS/bin/armcl" -mv7M4 --code_state=16 --float_support=none -me -Ooff --include_path="C:/Users/bradl/OneDrive/Documents/2023 Spring Quarter/EEC 172/newLab5/blinky" --include_path="C:/ti/CC3200SDK_1.5.0/cc3200-sdk/" --include_path="C:/ti/CC3200SDK_1.5.0/cc3200-sdk/driverlib/" --include_path="C:/ti/CC3200SDK_1.5.0/cc3200-sdk/inc/" --include_path="C:/ti/CC3200SDK_1.5.0/cc3200-sdk/example/common/" --include_path="C:/ti/ccs1000/ccs/tools/compiler/ti-cgt-arm_20.2.0.LTS/include" --define=ccs --define=cc3200 --define=NON_NETWORK -g --diag_warning=225 --diag_wrap=off --display_error_number --abi=eabi --preproc_with_compile --preproc_dependency="uart_if.d_raw"  "../uart_if.c"
Finished building: "../uart_if.c"
 
gmake: Target 'all' not remade because of errors.

**** Build Finished ****
