
**** Build of configuration Debug for project SSL_REST_API_AWS_V2 ****

"C:\\ti\\ccs1000\\ccs\\utils\\bin\\gmake" -k -j 8 all -O 
 
Building target: "SSL_REST_API_AWS_V2.out"
Invoking: ARM Linker
"C:/ti/ccs1000/ccs/tools/compiler/ti-cgt-arm_20.2.0.LTS/bin/armcl" -mv7M4 --code_state=16 --float_support=none -me -Ooff --define=ccs --define=cc3200 --define=NON_NETWORK -g --diag_warning=225 --diag_wrap=off --display_error_number --abi=eabi -z -m"SSL_REST_API_AWS_V2.map" --heap_size=0x800 --stack_size=0x800 -i"C:/ti/ccs1000/ccs/tools/compiler/ti-cgt-arm_20.2.0.LTS/lib" -i"C:/ti/ccs1000/ccs/tools/compiler/ti-cgt-arm_20.2.0.LTS/include" --reread_libs --diag_wrap=off --display_error_number --warn_sections --xml_link_info="SSL_REST_API_AWS_V2_linkInfo.xml" --rom_model -o "SSL_REST_API_AWS_V2.out" "./gpio_if.obj" "./main.obj" "./pinmux.obj" "./startup_ccs.obj" "./uart_if.obj" "../cc3200v1p32.cmd"  -l"C:/ti/CC3200SDK_1.5.0/cc3200-sdk/driverlib/ccs/Release/driverlib.a" -llibc.a 
<Linking>
 
 undefined                      first referenced
  symbol                            in file     
 ---------                      ----------------
 _SlNonOsMainLoopTask           ./main.obj      
 sl_Close                       ./main.obj      
 sl_Connect                     ./main.obj      
 sl_DevGet                      ./main.obj      
 sl_DevSet                      ./main.obj      
 sl_Htonl                       ./main.obj      
 sl_Htons                       ./main.obj      
 sl_NetAppDnsGetHostByName      ./main.obj      
 sl_NetAppMDNSUnRegisterService ./main.obj      
 sl_NetCfgSet                   ./main.obj      
 sl_Recv                        ./main.obj      
 sl_Send                        ./main.obj      
 sl_SetSockOpt                  ./main.obj      
 sl_Socket                      ./main.obj      
 sl_Start                       ./main.obj      
 sl_Stop                        ./main.obj      
 sl_WlanConnect                 ./main.obj      
 sl_WlanDisconnect              ./main.obj      
 sl_WlanPolicySet               ./main.obj      
 sl_WlanProfileDel              ./main.obj      
 sl_WlanRxFilterSet             ./main.obj      
 sl_WlanSet                     ./main.obj      
 sl_WlanSetMode                 ./main.obj      
 
error #10234-D: unresolved symbols remain
error #10010: errors encountered during linking; "SSL_REST_API_AWS_V2.out" not built
 
>> Compilation failure
makefile:146: recipe for target 'SSL_REST_API_AWS_V2.out' failed
gmake[1]: *** [SSL_REST_API_AWS_V2.out] Error 1
makefile:142: recipe for target 'all' failed
gmake: *** [all] Error 2

**** Build Finished ****
