
**** Build of configuration Debug for project OLED ****

"C:\\ti\\ccs1000\\ccs\\utils\\bin\\gmake" -k -j 8 all -O 
 
Building file: "../Adafruit_GFX.c"
Invoking: ARM Compiler
"C:/ti/ccs1000/ccs/tools/compiler/ti-cgt-arm_20.2.0.LTS/bin/armcl" -mv7M4 --code_state=16 --float_support=none -me -Ooff --include_path="C:/Users/bradl/OneDrive/Documents/2023 Spring Quarter/EEC 172/Lab2/OLED/OLED" --include_path="C:/ti/CC3200SDK_1.5.0/cc3200-sdk/" --include_path="C:/ti/CC3200SDK_1.5.0/cc3200-sdk/driverlib/" --include_path="C:/ti/CC3200SDK_1.5.0/cc3200-sdk/inc/" --include_path="C:/ti/CC3200SDK_1.5.0/cc3200-sdk/example/common/" --include_path="C:/ti/ccs1000/ccs/tools/compiler/ti-cgt-arm_20.2.0.LTS/include" --define=ccs --define=cc3200 -g --diag_warning=225 --diag_wrap=off --display_error_number --abi=eabi --preproc_with_compile --preproc_dependency="Adafruit_GFX.d_raw"  "../Adafruit_GFX.c"
Finished building: "../Adafruit_GFX.c"
 
Building file: "../main.c"
Invoking: ARM Compiler
"C:/ti/ccs1000/ccs/tools/compiler/ti-cgt-arm_20.2.0.LTS/bin/armcl" -mv7M4 --code_state=16 --float_support=none -me -Ooff --include_path="C:/Users/bradl/OneDrive/Documents/2023 Spring Quarter/EEC 172/Lab2/OLED/OLED" --include_path="C:/ti/CC3200SDK_1.5.0/cc3200-sdk/" --include_path="C:/ti/CC3200SDK_1.5.0/cc3200-sdk/driverlib/" --include_path="C:/ti/CC3200SDK_1.5.0/cc3200-sdk/inc/" --include_path="C:/ti/CC3200SDK_1.5.0/cc3200-sdk/example/common/" --include_path="C:/ti/ccs1000/ccs/tools/compiler/ti-cgt-arm_20.2.0.LTS/include" --define=ccs --define=cc3200 -g --diag_warning=225 --diag_wrap=off --display_error_number --abi=eabi --preproc_with_compile --preproc_dependency="main.d_raw"  "../main.c"
"../main.c", line 273: warning #225-D: function "testlines" declared implicitly
"../main.c", line 278: warning #225-D: function "testfastlines" declared implicitly
"../main.c", line 282: warning #225-D: function "testdrawrects" declared implicitly
"../main.c", line 287: warning #225-D: function "testfillrects" declared implicitly
"../main.c", line 292: warning #225-D: function "testfillcircles" declared implicitly
"../main.c", line 297: warning #225-D: function "testroundrects" declared implicitly
"../main.c", line 302: warning #225-D: function "testtriangles" declared implicitly
Finished building: "../main.c"
 
Building file: "../test.c"
Invoking: ARM Compiler
"C:/ti/ccs1000/ccs/tools/compiler/ti-cgt-arm_20.2.0.LTS/bin/armcl" -mv7M4 --code_state=16 --float_support=none -me -Ooff --include_path="C:/Users/bradl/OneDrive/Documents/2023 Spring Quarter/EEC 172/Lab2/OLED/OLED" --include_path="C:/ti/CC3200SDK_1.5.0/cc3200-sdk/" --include_path="C:/ti/CC3200SDK_1.5.0/cc3200-sdk/driverlib/" --include_path="C:/ti/CC3200SDK_1.5.0/cc3200-sdk/inc/" --include_path="C:/ti/CC3200SDK_1.5.0/cc3200-sdk/example/common/" --include_path="C:/ti/ccs1000/ccs/tools/compiler/ti-cgt-arm_20.2.0.LTS/include" --define=ccs --define=cc3200 -g --diag_warning=225 --diag_wrap=off --display_error_number --abi=eabi --preproc_with_compile --preproc_dependency="test.d_raw"  "../test.c"
Finished building: "../test.c"
 
Building target: "OLED.out"
Invoking: ARM Linker
"C:/ti/ccs1000/ccs/tools/compiler/ti-cgt-arm_20.2.0.LTS/bin/armcl" -mv7M4 --code_state=16 --float_support=none -me -Ooff --define=ccs --define=cc3200 -g --diag_warning=225 --diag_wrap=off --display_error_number --abi=eabi -z -m"OLED.map" --heap_size=0x800 --stack_size=0x800 -i"C:/ti/ccs1000/ccs/tools/compiler/ti-cgt-arm_20.2.0.LTS/lib" -i"C:/ti/ccs1000/ccs/tools/compiler/ti-cgt-arm_20.2.0.LTS/include" --reread_libs --diag_wrap=off --display_error_number --warn_sections --xml_link_info="OLED_linkInfo.xml" --rom_model -o "OLED.out" "./Adafruit_GFX.obj" "./Adafruit_OLED.obj" "./main.obj" "./pinmux.obj" "./startup_ccs.obj" "./test.obj" "./uart_if.obj" "../cc3200v1p32.cmd"  -l"C:/ti/CC3200SDK_1.5.0/cc3200-sdk/driverlib/ccs/Release/driverlib.a" -llibc.a 
<Linking>
Finished building target: "OLED.out"
 
C:/ti/ccs1000/ccs/utils/tiobj2bin/tiobj2bin OLED.out OLED.bin C:/ti/ccs1000/ccs/tools/compiler/ti-cgt-arm_20.2.0.LTS/bin/armofd C:/ti/ccs1000/ccs/tools/compiler/ti-cgt-arm_20.2.0.LTS/bin/armhex C:/ti/ccs1000/ccs/utils/tiobj2bin/mkhex4bin
 

**** Build Finished ****
